TN:
SF:app\utils\accessibility.ts
FN:2,getAccessibilityLabel
FN:10,focusOn
FN:15,announce
FNF:3
FNH:3
FNDA:3,getAccessibilityLabel
FNDA:2,focusOn
FNDA:1,announce
DA:3,3
DA:4,2
DA:5,1
DA:11,2
DA:12,2
DA:16,1
LF:6
LH:6
BRDA:3,0,0,1
BRDA:3,0,1,2
BRDA:4,1,0,1
BRDA:4,1,1,1
BRDA:12,2,0,1
BRDA:12,2,1,1
BRF:6
BRH:6
end_of_record
TN:
SF:app\utils\haptics.ts
FN:2,triggerHaptic
FN:8,feedback
FNF:2
FNH:2
FNDA:3,triggerHaptic
FNDA:3,feedback
DA:3,3
DA:4,2
DA:9,3
DA:11,1
DA:12,1
DA:14,1
DA:15,1
DA:17,1
LF:8
LH:8
BRDA:3,0,0,1
BRDA:3,0,1,2
BRDA:8,1,0,1
BRDA:9,2,0,1
BRDA:9,2,1,1
BRDA:9,2,2,1
BRF:6
BRH:6
end_of_record
TN:
SF:app\utils\scoring.ts
FN:5,computeScores
FN:8,(anonymous_1)
FN:11,(anonymous_2)
FN:12,(anonymous_3)
FN:14,(anonymous_4)
FN:16,(anonymous_5)
FN:22,(anonymous_6)
FN:29,(anonymous_7)
FN:32,(anonymous_8)
FN:35,(anonymous_9)
FNF:10
FNH:10
FNDA:4,computeScores
FNDA:16,(anonymous_1)
FNDA:7,(anonymous_2)
FNDA:33,(anonymous_3)
FNDA:9,(anonymous_4)
FNDA:24,(anonymous_5)
FNDA:16,(anonymous_6)
FNDA:8,(anonymous_7)
FNDA:12,(anonymous_8)
FNDA:8,(anonymous_9)
DA:7,4
DA:8,16
DA:11,4
DA:12,33
DA:13,7
DA:14,9
DA:15,6
DA:16,6
DA:17,24
DA:22,16
DA:26,4
DA:27,2
DA:28,2
DA:29,8
DA:30,2
DA:32,12
DA:33,2
DA:34,2
DA:35,2
DA:36,8
DA:38,2
LF:21
LH:21
BRDA:13,0,0,1
BRDA:13,0,1,6
BRDA:15,1,0,0
BRDA:15,1,1,6
BRDA:26,2,0,2
BRDA:26,2,1,2
BRF:6
BRH:5
end_of_record
